[1.083s] DEBUG:colcon:Command line arguments: ['/usr/bin/colcon', 'build']
[1.083s] DEBUG:colcon:Parsed command line arguments: Namespace(log_base=None, log_level=None, verb_name='build', build_base='build', install_base='install', merge_install=False, symlink_install=False, test_result_base=None, continue_on_error=False, executor='parallel', parallel_workers=12, event_handlers=None, ignore_user_meta=False, metas=['./colcon.meta'], base_paths=['.'], packages_ignore=None, packages_ignore_regex=None, paths=None, packages_up_to=None, packages_up_to_regex=None, packages_above=None, packages_above_and_dependencies=None, packages_above_depth=None, packages_select_by_dep=None, packages_skip_by_dep=None, packages_skip_up_to=None, packages_select_build_failed=False, packages_skip_build_finished=False, packages_select_test_failures=False, packages_skip_test_passed=False, packages_select=None, packages_skip=None, packages_select_regex=None, packages_skip_regex=None, packages_start=None, packages_end=None, allow_overriding=[], cmake_args=None, cmake_target=None, cmake_target_skip_unavailable=False, cmake_clean_cache=False, cmake_clean_first=False, cmake_force_configure=False, ament_cmake_args=None, catkin_cmake_args=None, catkin_skip_building_tests=False, mixin_files=None, mixin=None, verb_parser=<colcon_mixin.mixin.mixin_argument.MixinArgumentDecorator object at 0x7a990e3c6b30>, verb_extension=<colcon_core.verb.build.BuildVerb object at 0x7a990e3881c0>, main=<bound method BuildVerb.main of <colcon_core.verb.build.BuildVerb object at 0x7a990e3881c0>>, mixin_verb=('build',))
[2.871s] Level 1:colcon.colcon_core.package_discovery:discover_packages(colcon_meta) check parameters
[2.872s] Level 1:colcon.colcon_core.package_discovery:discover_packages(recursive) check parameters
[2.872s] Level 1:colcon.colcon_core.package_discovery:discover_packages(ignore) check parameters
[2.872s] Level 1:colcon.colcon_core.package_discovery:discover_packages(path) check parameters
[2.872s] Level 1:colcon.colcon_core.package_discovery:discover_packages(colcon_meta) discover
[2.872s] Level 1:colcon.colcon_core.package_discovery:discover_packages(recursive) discover
[2.872s] INFO:colcon.colcon_core.package_discovery:Crawling recursively for packages in '/home/kalash/sample_robot'
[2.872s] Level 1:colcon.colcon_core.package_identification:_identify(.) by extensions ['ignore', 'ignore_ament_install']
[2.872s] Level 1:colcon.colcon_core.package_identification:_identify(.) by extension 'ignore'
[2.872s] Level 1:colcon.colcon_core.package_identification:_identify(.) by extension 'ignore_ament_install'
[2.872s] Level 1:colcon.colcon_core.package_identification:_identify(.) by extensions ['colcon_pkg']
[2.872s] Level 1:colcon.colcon_core.package_identification:_identify(.) by extension 'colcon_pkg'
[2.872s] Level 1:colcon.colcon_core.package_identification:_identify(.) by extensions ['colcon_meta']
[2.872s] Level 1:colcon.colcon_core.package_identification:_identify(.) by extension 'colcon_meta'
[2.872s] Level 1:colcon.colcon_core.package_identification:_identify(.) by extensions ['ros']
[2.872s] Level 1:colcon.colcon_core.package_identification:_identify(.) by extension 'ros'
[2.882s] Level 1:colcon.colcon_core.package_identification:_identify(.) by extensions ['cmake', 'python']
[2.882s] Level 1:colcon.colcon_core.package_identification:_identify(.) by extension 'cmake'
[2.882s] Level 1:colcon.colcon_core.package_identification:_identify(.) by extension 'python'
[2.882s] Level 1:colcon.colcon_core.package_identification:_identify(.) by extensions ['python_setup_py']
[2.882s] Level 1:colcon.colcon_core.package_identification:_identify(.) by extension 'python_setup_py'
[2.882s] Level 1:colcon.colcon_core.package_identification:_identify(build) by extensions ['ignore', 'ignore_ament_install']
[2.882s] Level 1:colcon.colcon_core.package_identification:_identify(build) by extension 'ignore'
[2.882s] Level 1:colcon.colcon_core.package_identification:_identify(build) ignored
[2.882s] Level 1:colcon.colcon_core.package_identification:_identify(install) by extensions ['ignore', 'ignore_ament_install']
[2.882s] Level 1:colcon.colcon_core.package_identification:_identify(install) by extension 'ignore'
[2.882s] Level 1:colcon.colcon_core.package_identification:_identify(install) ignored
[2.882s] Level 1:colcon.colcon_core.package_identification:_identify(log) by extensions ['ignore', 'ignore_ament_install']
[2.882s] Level 1:colcon.colcon_core.package_identification:_identify(log) by extension 'ignore'
[2.882s] Level 1:colcon.colcon_core.package_identification:_identify(log) ignored
[2.883s] Level 1:colcon.colcon_core.package_identification:_identify(src) by extensions ['ignore', 'ignore_ament_install']
[2.883s] Level 1:colcon.colcon_core.package_identification:_identify(src) by extension 'ignore'
[2.883s] Level 1:colcon.colcon_core.package_identification:_identify(src) by extension 'ignore_ament_install'
[2.883s] Level 1:colcon.colcon_core.package_identification:_identify(src) by extensions ['colcon_pkg']
[2.883s] Level 1:colcon.colcon_core.package_identification:_identify(src) by extension 'colcon_pkg'
[2.883s] Level 1:colcon.colcon_core.package_identification:_identify(src) by extensions ['colcon_meta']
[2.883s] Level 1:colcon.colcon_core.package_identification:_identify(src) by extension 'colcon_meta'
[2.883s] Level 1:colcon.colcon_core.package_identification:_identify(src) by extensions ['ros']
[2.883s] Level 1:colcon.colcon_core.package_identification:_identify(src) by extension 'ros'
[2.883s] Level 1:colcon.colcon_core.package_identification:_identify(src) by extensions ['cmake', 'python']
[2.883s] Level 1:colcon.colcon_core.package_identification:_identify(src) by extension 'cmake'
[2.883s] Level 1:colcon.colcon_core.package_identification:_identify(src) by extension 'python'
[2.883s] Level 1:colcon.colcon_core.package_identification:_identify(src) by extensions ['python_setup_py']
[2.883s] Level 1:colcon.colcon_core.package_identification:_identify(src) by extension 'python_setup_py'
[2.883s] Level 1:colcon.colcon_core.package_identification:_identify(src/sample_robot) by extensions ['ignore', 'ignore_ament_install']
[2.883s] Level 1:colcon.colcon_core.package_identification:_identify(src/sample_robot) by extension 'ignore'
[2.883s] Level 1:colcon.colcon_core.package_identification:_identify(src/sample_robot) by extension 'ignore_ament_install'
[2.883s] Level 1:colcon.colcon_core.package_identification:_identify(src/sample_robot) by extensions ['colcon_pkg']
[2.883s] Level 1:colcon.colcon_core.package_identification:_identify(src/sample_robot) by extension 'colcon_pkg'
[2.883s] Level 1:colcon.colcon_core.package_identification:_identify(src/sample_robot) by extensions ['colcon_meta']
[2.883s] Level 1:colcon.colcon_core.package_identification:_identify(src/sample_robot) by extension 'colcon_meta'
[2.883s] Level 1:colcon.colcon_core.package_identification:_identify(src/sample_robot) by extensions ['ros']
[2.884s] Level 1:colcon.colcon_core.package_identification:_identify(src/sample_robot) by extension 'ros'
[2.891s] DEBUG:colcon.colcon_core.package_identification:Package 'src/sample_robot' with type 'ros.ament_cmake' and name 'sample_robot'
[2.891s] Level 1:colcon.colcon_core.package_discovery:discover_packages(recursive) using defaults
[2.891s] Level 1:colcon.colcon_core.package_discovery:discover_packages(ignore) discover
[2.891s] Level 1:colcon.colcon_core.package_discovery:discover_packages(ignore) using defaults
[2.891s] Level 1:colcon.colcon_core.package_discovery:discover_packages(path) discover
[2.891s] Level 1:colcon.colcon_core.package_discovery:discover_packages(path) using defaults
[3.222s] Level 1:colcon.colcon_core.package_discovery:discover_packages(prefix_path) check parameters
[3.222s] Level 1:colcon.colcon_core.package_discovery:discover_packages(prefix_path) discover
[3.261s] DEBUG:colcon.colcon_installed_package_information.package_discovery:Found 390 installed packages in /opt/ros/humble
[3.270s] Level 1:colcon.colcon_core.package_discovery:discover_packages(prefix_path) using defaults
[3.357s] Level 5:colcon.colcon_core.verb:set package 'sample_robot' build argument 'cmake_args' from command line to 'None'
[3.357s] Level 5:colcon.colcon_core.verb:set package 'sample_robot' build argument 'cmake_target' from command line to 'None'
[3.358s] Level 5:colcon.colcon_core.verb:set package 'sample_robot' build argument 'cmake_target_skip_unavailable' from command line to 'False'
[3.358s] Level 5:colcon.colcon_core.verb:set package 'sample_robot' build argument 'cmake_clean_cache' from command line to 'False'
[3.358s] Level 5:colcon.colcon_core.verb:set package 'sample_robot' build argument 'cmake_clean_first' from command line to 'False'
[3.358s] Level 5:colcon.colcon_core.verb:set package 'sample_robot' build argument 'cmake_force_configure' from command line to 'False'
[3.358s] Level 5:colcon.colcon_core.verb:set package 'sample_robot' build argument 'ament_cmake_args' from command line to 'None'
[3.358s] Level 5:colcon.colcon_core.verb:set package 'sample_robot' build argument 'catkin_cmake_args' from command line to 'None'
[3.358s] Level 5:colcon.colcon_core.verb:set package 'sample_robot' build argument 'catkin_skip_building_tests' from command line to 'False'
[3.358s] DEBUG:colcon.colcon_core.verb:Building package 'sample_robot' with the following arguments: {'ament_cmake_args': None, 'build_base': '/home/kalash/sample_robot/build/sample_robot', 'catkin_cmake_args': None, 'catkin_skip_building_tests': False, 'cmake_args': None, 'cmake_clean_cache': False, 'cmake_clean_first': False, 'cmake_force_configure': False, 'cmake_target': None, 'cmake_target_skip_unavailable': False, 'install_base': '/home/kalash/sample_robot/install/sample_robot', 'merge_install': False, 'path': '/home/kalash/sample_robot/src/sample_robot', 'symlink_install': False, 'test_result_base': None}
[3.358s] INFO:colcon.colcon_core.executor:Executing jobs using 'parallel' executor
[3.359s] DEBUG:colcon.colcon_parallel_executor.executor.parallel:run_until_complete
[3.359s] INFO:colcon.colcon_ros.task.ament_cmake.build:Building ROS package in '/home/kalash/sample_robot/src/sample_robot' with build type 'ament_cmake'
[3.359s] INFO:colcon.colcon_cmake.task.cmake.build:Building CMake package in '/home/kalash/sample_robot/src/sample_robot'
[3.400s] INFO:colcon.colcon_core.plugin_system:Skipping extension 'colcon_core.shell.bat': Not used on non-Windows systems
[3.401s] INFO:colcon.colcon_core.shell:Skip shell extension 'powershell' for command environment: Not usable outside of PowerShell
[3.401s] DEBUG:colcon.colcon_core.shell:Skip shell extension 'dsv' for command environment
[3.428s] DEBUG:colcon.colcon_core.event_handler.log_command:Invoking command in '/home/kalash/sample_robot/build/sample_robot': CMAKE_PREFIX_PATH=/opt/ros/humble /usr/bin/cmake /home/kalash/sample_robot/src/sample_robot -DCMAKE_INSTALL_PREFIX=/home/kalash/sample_robot/install/sample_robot
[12.818s] DEBUG:colcon.colcon_core.event_handler.log_command:Invoked command in '/home/kalash/sample_robot/build/sample_robot' returned '0': CMAKE_PREFIX_PATH=/opt/ros/humble /usr/bin/cmake /home/kalash/sample_robot/src/sample_robot -DCMAKE_INSTALL_PREFIX=/home/kalash/sample_robot/install/sample_robot
[12.819s] DEBUG:colcon.colcon_core.event_handler.log_command:Invoking command in '/home/kalash/sample_robot/build/sample_robot': CMAKE_PREFIX_PATH=/opt/ros/humble /usr/bin/cmake --build /home/kalash/sample_robot/build/sample_robot -- -j12 -l12
[12.846s] DEBUG:colcon.colcon_core.event_handler.log_command:Invoked command in '/home/kalash/sample_robot/build/sample_robot' returned '0': CMAKE_PREFIX_PATH=/opt/ros/humble /usr/bin/cmake --build /home/kalash/sample_robot/build/sample_robot -- -j12 -l12
[12.853s] DEBUG:colcon.colcon_core.event_handler.log_command:Invoking command in '/home/kalash/sample_robot/build/sample_robot': CMAKE_PREFIX_PATH=/opt/ros/humble /usr/bin/cmake --install /home/kalash/sample_robot/build/sample_robot
[12.861s] Level 1:colcon.colcon_core.environment:create_environment_scripts_only(sample_robot)
[12.861s] DEBUG:colcon.colcon_core.event_handler.log_command:Invoked command in '/home/kalash/sample_robot/build/sample_robot' returned '0': CMAKE_PREFIX_PATH=/opt/ros/humble /usr/bin/cmake --install /home/kalash/sample_robot/build/sample_robot
[12.935s] Level 1:colcon.colcon_core.environment:checking '/home/kalash/sample_robot/install/sample_robot' for CMake module files
[12.936s] Level 1:colcon.colcon_core.environment:checking '/home/kalash/sample_robot/install/sample_robot' for CMake config files
[12.936s] Level 1:colcon.colcon_core.shell:create_environment_hook('sample_robot', 'cmake_prefix_path')
[12.936s] INFO:colcon.colcon_core.shell:Creating environment hook '/home/kalash/sample_robot/install/sample_robot/share/sample_robot/hook/cmake_prefix_path.ps1'
[12.946s] INFO:colcon.colcon_core.shell:Creating environment descriptor '/home/kalash/sample_robot/install/sample_robot/share/sample_robot/hook/cmake_prefix_path.dsv'
[12.949s] INFO:colcon.colcon_core.shell:Creating environment hook '/home/kalash/sample_robot/install/sample_robot/share/sample_robot/hook/cmake_prefix_path.sh'
[12.953s] Level 1:colcon.colcon_core.environment:checking '/home/kalash/sample_robot/install/sample_robot/bin'
[12.954s] Level 1:colcon.colcon_core.environment:checking '/home/kalash/sample_robot/install/sample_robot/lib/pkgconfig/sample_robot.pc'
[12.955s] Level 1:colcon.colcon_core.environment:checking '/home/kalash/sample_robot/install/sample_robot/lib/python3.10/site-packages'
[12.955s] Level 1:colcon.colcon_core.environment:checking '/home/kalash/sample_robot/install/sample_robot/bin'
[12.957s] INFO:colcon.colcon_core.shell:Creating package script '/home/kalash/sample_robot/install/sample_robot/share/sample_robot/package.ps1'
[12.964s] INFO:colcon.colcon_core.shell:Creating package descriptor '/home/kalash/sample_robot/install/sample_robot/share/sample_robot/package.dsv'
[12.968s] INFO:colcon.colcon_core.shell:Creating package script '/home/kalash/sample_robot/install/sample_robot/share/sample_robot/package.sh'
[12.973s] INFO:colcon.colcon_core.shell:Creating package script '/home/kalash/sample_robot/install/sample_robot/share/sample_robot/package.bash'
[12.984s] INFO:colcon.colcon_core.shell:Creating package script '/home/kalash/sample_robot/install/sample_robot/share/sample_robot/package.zsh'
[12.997s] Level 1:colcon.colcon_core.environment:create_file_with_runtime_dependencies(/home/kalash/sample_robot/install/sample_robot/share/colcon-core/packages/sample_robot)
[12.999s] Level 1:colcon.colcon_core.environment:create_environment_scripts_only(sample_robot)
[13.000s] Level 1:colcon.colcon_core.environment:checking '/home/kalash/sample_robot/install/sample_robot' for CMake module files
[13.002s] Level 1:colcon.colcon_core.environment:checking '/home/kalash/sample_robot/install/sample_robot' for CMake config files
[13.003s] Level 1:colcon.colcon_core.shell:create_environment_hook('sample_robot', 'cmake_prefix_path')
[13.004s] INFO:colcon.colcon_core.shell:Creating environment hook '/home/kalash/sample_robot/install/sample_robot/share/sample_robot/hook/cmake_prefix_path.ps1'
[13.006s] INFO:colcon.colcon_core.shell:Creating environment descriptor '/home/kalash/sample_robot/install/sample_robot/share/sample_robot/hook/cmake_prefix_path.dsv'
[13.011s] INFO:colcon.colcon_core.shell:Creating environment hook '/home/kalash/sample_robot/install/sample_robot/share/sample_robot/hook/cmake_prefix_path.sh'
[13.014s] Level 1:colcon.colcon_core.environment:checking '/home/kalash/sample_robot/install/sample_robot/bin'
[13.014s] Level 1:colcon.colcon_core.environment:checking '/home/kalash/sample_robot/install/sample_robot/lib/pkgconfig/sample_robot.pc'
[13.015s] Level 1:colcon.colcon_core.environment:checking '/home/kalash/sample_robot/install/sample_robot/lib/python3.10/site-packages'
[13.016s] Level 1:colcon.colcon_core.environment:checking '/home/kalash/sample_robot/install/sample_robot/bin'
[13.017s] INFO:colcon.colcon_core.shell:Creating package script '/home/kalash/sample_robot/install/sample_robot/share/sample_robot/package.ps1'
[13.019s] INFO:colcon.colcon_core.shell:Creating package descriptor '/home/kalash/sample_robot/install/sample_robot/share/sample_robot/package.dsv'
[13.022s] INFO:colcon.colcon_core.shell:Creating package script '/home/kalash/sample_robot/install/sample_robot/share/sample_robot/package.sh'
[13.024s] INFO:colcon.colcon_core.shell:Creating package script '/home/kalash/sample_robot/install/sample_robot/share/sample_robot/package.bash'
[13.026s] INFO:colcon.colcon_core.shell:Creating package script '/home/kalash/sample_robot/install/sample_robot/share/sample_robot/package.zsh'
[13.028s] Level 1:colcon.colcon_core.environment:create_file_with_runtime_dependencies(/home/kalash/sample_robot/install/sample_robot/share/colcon-core/packages/sample_robot)
[13.029s] DEBUG:colcon.colcon_parallel_executor.executor.parallel:closing loop
[13.030s] DEBUG:colcon.colcon_parallel_executor.executor.parallel:loop closed
[13.030s] DEBUG:colcon.colcon_parallel_executor.executor.parallel:run_until_complete finished with '0'
[13.030s] DEBUG:colcon.colcon_core.event_reactor:joining thread
[13.084s] INFO:colcon.colcon_core.plugin_system:Skipping extension 'colcon_notification.desktop_notification.terminal_notifier': Not used on non-Darwin systems
[13.084s] INFO:colcon.colcon_core.plugin_system:Skipping extension 'colcon_notification.desktop_notification.win32': Not used on non-Windows systems
[13.085s] INFO:colcon.colcon_notification.desktop_notification:Sending desktop notification using 'notify2'
[13.096s] DEBUG:colcon.colcon_core.event_reactor:joined thread
[13.096s] INFO:colcon.colcon_core.shell:Creating prefix script '/home/kalash/sample_robot/install/local_setup.ps1'
[13.106s] INFO:colcon.colcon_core.shell:Creating prefix util module '/home/kalash/sample_robot/install/_local_setup_util_ps1.py'
[13.110s] INFO:colcon.colcon_core.shell:Creating prefix chain script '/home/kalash/sample_robot/install/setup.ps1'
[13.112s] INFO:colcon.colcon_core.shell:Creating prefix script '/home/kalash/sample_robot/install/local_setup.sh'
[13.116s] INFO:colcon.colcon_core.shell:Creating prefix util module '/home/kalash/sample_robot/install/_local_setup_util_sh.py'
[13.116s] INFO:colcon.colcon_core.shell:Creating prefix chain script '/home/kalash/sample_robot/install/setup.sh'
[13.119s] INFO:colcon.colcon_core.shell:Creating prefix script '/home/kalash/sample_robot/install/local_setup.bash'
[13.127s] INFO:colcon.colcon_core.shell:Creating prefix chain script '/home/kalash/sample_robot/install/setup.bash'
[13.134s] INFO:colcon.colcon_core.shell:Creating prefix script '/home/kalash/sample_robot/install/local_setup.zsh'
[13.142s] INFO:colcon.colcon_core.shell:Creating prefix chain script '/home/kalash/sample_robot/install/setup.zsh'
