[0.069s] Invoking command in '/home/kalash/sample_robot/build/sample_robot': CMAKE_PREFIX_PATH=/opt/ros/humble /usr/bin/cmake /home/kalash/sample_robot/src/sample_robot -DCMAKE_INSTALL_PREFIX=/home/kalash/sample_robot/install/sample_robot
[5.500s] -- The C compiler identification is GNU 11.4.0
[7.937s] -- The CXX compiler identification is GNU 11.4.0
[7.998s] -- Detecting C compiler ABI info
[8.333s] -- Detecting C compiler ABI info - done
[8.339s] -- Check for working C compiler: /usr/bin/cc - skipped
[8.343s] -- Detecting C compile features
[8.352s] -- Detecting C compile features - done
[8.367s] -- Detecting CXX compiler ABI info
[8.573s] -- Detecting CXX compiler ABI info - done
[8.580s] -- Check for working CXX compiler: /usr/bin/c++ - skipped
[8.580s] -- Detecting CXX compile features
[8.580s] -- Detecting CXX compile features - done
[8.611s] -- Found ament_cmake: 1.3.11 (/opt/ros/humble/share/ament_cmake/cmake)
[8.846s] -- Found Python3: /usr/bin/python3 (found version "3.10.12") found components: Interpreter 
[9.285s] -- Found ament_lint_auto: 0.12.11 (/opt/ros/humble/share/ament_lint_auto/cmake)
[9.445s] -- Added test 'lint_cmake' to check CMake code style
[9.448s] -- Added test 'xmllint' to check XML markup files
[9.452s] -- Configuring done
[9.454s] -- Generating done
[9.455s] -- Build files have been written to: /home/kalash/sample_robot/build/sample_robot
[9.459s] Invoked command in '/home/kalash/sample_robot/build/sample_robot' returned '0': CMAKE_PREFIX_PATH=/opt/ros/humble /usr/bin/cmake /home/kalash/sample_robot/src/sample_robot -DCMAKE_INSTALL_PREFIX=/home/kalash/sample_robot/install/sample_robot
[9.460s] Invoking command in '/home/kalash/sample_robot/build/sample_robot': CMAKE_PREFIX_PATH=/opt/ros/humble /usr/bin/cmake --build /home/kalash/sample_robot/build/sample_robot -- -j12 -l12
[9.487s] Invoked command in '/home/kalash/sample_robot/build/sample_robot' returned '0': CMAKE_PREFIX_PATH=/opt/ros/humble /usr/bin/cmake --build /home/kalash/sample_robot/build/sample_robot -- -j12 -l12
[9.494s] Invoking command in '/home/kalash/sample_robot/build/sample_robot': CMAKE_PREFIX_PATH=/opt/ros/humble /usr/bin/cmake --install /home/kalash/sample_robot/build/sample_robot
[9.499s] -- Install configuration: ""
[9.499s] -- Installing: /home/kalash/sample_robot/install/sample_robot/share/ament_index/resource_index/package_run_dependencies/sample_robot
[9.499s] -- Installing: /home/kalash/sample_robot/install/sample_robot/share/ament_index/resource_index/parent_prefix_path/sample_robot
[9.500s] -- Installing: /home/kalash/sample_robot/install/sample_robot/share/sample_robot/environment/ament_prefix_path.sh
[9.500s] -- Installing: /home/kalash/sample_robot/install/sample_robot/share/sample_robot/environment/ament_prefix_path.dsv
[9.500s] -- Installing: /home/kalash/sample_robot/install/sample_robot/share/sample_robot/environment/path.sh
[9.500s] -- Installing: /home/kalash/sample_robot/install/sample_robot/share/sample_robot/environment/path.dsv
[9.500s] -- Installing: /home/kalash/sample_robot/install/sample_robot/share/sample_robot/local_setup.bash
[9.500s] -- Installing: /home/kalash/sample_robot/install/sample_robot/share/sample_robot/local_setup.sh
[9.500s] -- Installing: /home/kalash/sample_robot/install/sample_robot/share/sample_robot/local_setup.zsh
[9.500s] -- Installing: /home/kalash/sample_robot/install/sample_robot/share/sample_robot/local_setup.dsv
[9.500s] -- Installing: /home/kalash/sample_robot/install/sample_robot/share/sample_robot/package.dsv
[9.500s] -- Installing: /home/kalash/sample_robot/install/sample_robot/share/ament_index/resource_index/packages/sample_robot
[9.500s] -- Installing: /home/kalash/sample_robot/install/sample_robot/share/sample_robot/cmake/sample_robotConfig.cmake
[9.500s] -- Installing: /home/kalash/sample_robot/install/sample_robot/share/sample_robot/cmake/sample_robotConfig-version.cmake
[9.501s] -- Installing: /home/kalash/sample_robot/install/sample_robot/share/sample_robot/package.xml
[9.502s] Invoked command in '/home/kalash/sample_robot/build/sample_robot' returned '0': CMAKE_PREFIX_PATH=/opt/ros/humble /usr/bin/cmake --install /home/kalash/sample_robot/build/sample_robot
