[0.008s] Invoking command in '/home/kalash/sample_robot/build/sample_robot': CMAKE_PREFIX_PATH=/opt/ros/humble /usr/bin/cmake --build /home/kalash/sample_robot/build/sample_robot -- -j12 -l12
[0.026s] -- Found ament_cmake: 1.3.11 (/opt/ros/humble/share/ament_cmake/cmake)
[0.132s] -- Found ament_lint_auto: 0.12.11 (/opt/ros/humble/share/ament_lint_auto/cmake)
[0.190s] -- Added test 'lint_cmake' to check CMake code style
[0.191s] -- Added test 'xmllint' to check XML markup files
[0.192s] -- Configuring done
[0.194s] -- Generating done
[0.196s] -- Build files have been written to: /home/kalash/sample_robot/build/sample_robot
[0.214s] Invoked command in '/home/kalash/sample_robot/build/sample_robot' returned '0': CMAKE_PREFIX_PATH=/opt/ros/humble /usr/bin/cmake --build /home/kalash/sample_robot/build/sample_robot -- -j12 -l12
[0.222s] Invoking command in '/home/kalash/sample_robot/build/sample_robot': CMAKE_PREFIX_PATH=/opt/ros/humble /usr/bin/cmake --install /home/kalash/sample_robot/build/sample_robot
[0.229s] -- Install configuration: ""
[0.229s] -- Up-to-date: /home/kalash/sample_robot/install/sample_robot/share/sample_robot/meshes
[0.229s] -- Up-to-date: /home/kalash/sample_robot/install/sample_robot/share/sample_robot/meshes/sample Robot part 2.stl
[0.229s] -- Up-to-date: /home/kalash/sample_robot/install/sample_robot/share/sample_robot/meshes/sample_Robot_Base.stl
[0.229s] -- Up-to-date: /home/kalash/sample_robot/install/sample_robot/share/sample_robot/meshes/Gripper v1.stl
[0.229s] -- Up-to-date: /home/kalash/sample_robot/install/sample_robot/share/sample_robot/meshes/Gripper Claw.stl
[0.229s] -- Up-to-date: /home/kalash/sample_robot/install/sample_robot/share/sample_robot/meshes/sample Robot Part 3.stl
[0.229s] -- Up-to-date: /home/kalash/sample_robot/install/sample_robot/share/sample_robot/urdf
[0.229s] -- Up-to-date: /home/kalash/sample_robot/install/sample_robot/share/sample_robot/urdf/sample_robot.urdf.xacro
[0.229s] -- Up-to-date: /home/kalash/sample_robot/install/sample_robot/share/ament_index/resource_index/package_run_dependencies/sample_robot
[0.229s] -- Up-to-date: /home/kalash/sample_robot/install/sample_robot/share/ament_index/resource_index/parent_prefix_path/sample_robot
[0.229s] -- Up-to-date: /home/kalash/sample_robot/install/sample_robot/share/sample_robot/environment/ament_prefix_path.sh
[0.229s] -- Installing: /home/kalash/sample_robot/install/sample_robot/share/sample_robot/environment/ament_prefix_path.dsv
[0.229s] -- Up-to-date: /home/kalash/sample_robot/install/sample_robot/share/sample_robot/environment/path.sh
[0.229s] -- Installing: /home/kalash/sample_robot/install/sample_robot/share/sample_robot/environment/path.dsv
[0.230s] -- Up-to-date: /home/kalash/sample_robot/install/sample_robot/share/sample_robot/local_setup.bash
[0.230s] -- Up-to-date: /home/kalash/sample_robot/install/sample_robot/share/sample_robot/local_setup.sh
[0.230s] -- Up-to-date: /home/kalash/sample_robot/install/sample_robot/share/sample_robot/local_setup.zsh
[0.230s] -- Installing: /home/kalash/sample_robot/install/sample_robot/share/sample_robot/local_setup.dsv
[0.230s] -- Installing: /home/kalash/sample_robot/install/sample_robot/share/sample_robot/package.dsv
[0.230s] -- Up-to-date: /home/kalash/sample_robot/install/sample_robot/share/ament_index/resource_index/packages/sample_robot
[0.230s] -- Up-to-date: /home/kalash/sample_robot/install/sample_robot/share/sample_robot/cmake/sample_robotConfig.cmake
[0.230s] -- Up-to-date: /home/kalash/sample_robot/install/sample_robot/share/sample_robot/cmake/sample_robotConfig-version.cmake
[0.230s] -- Up-to-date: /home/kalash/sample_robot/install/sample_robot/share/sample_robot/package.xml
[0.231s] Invoked command in '/home/kalash/sample_robot/build/sample_robot' returned '0': CMAKE_PREFIX_PATH=/opt/ros/humble /usr/bin/cmake --install /home/kalash/sample_robot/build/sample_robot
