[0.008s] Invoking command in '/home/kalash/sample_robot/build/sample_robot': CMAKE_PREFIX_PATH=/opt/ros/humble /usr/bin/cmake --build /home/kalash/sample_robot/build/sample_robot -- -j12 -l12
[0.034s] Invoked command in '/home/kalash/sample_robot/build/sample_robot' returned '0': CMAKE_PREFIX_PATH=/opt/ros/humble /usr/bin/cmake --build /home/kalash/sample_robot/build/sample_robot -- -j12 -l12
[0.042s] Invoking command in '/home/kalash/sample_robot/build/sample_robot': CMAKE_PREFIX_PATH=/opt/ros/humble /usr/bin/cmake --install /home/kalash/sample_robot/build/sample_robot
[0.047s] -- Install configuration: ""
[0.047s] -- Up-to-date: /home/kalash/sample_robot/install/sample_robot/share/sample_robot/meshes
[0.047s] -- Up-to-date: /home/kalash/sample_robot/install/sample_robot/share/sample_robot/meshes/sample_Robot_Base.stl
[0.047s] -- Up-to-date: /home/kalash/sample_robot/install/sample_robot/share/sample_robot/meshes/Gripper_v1.stl
[0.047s] -- Up-to-date: /home/kalash/sample_robot/install/sample_robot/share/sample_robot/meshes/Gripper Claw.stl
[0.047s] -- Up-to-date: /home/kalash/sample_robot/install/sample_robot/share/sample_robot/meshes/sample_Robot_part2.stl
[0.047s] -- Up-to-date: /home/kalash/sample_robot/install/sample_robot/share/sample_robot/meshes/sample_Robot_part3.stl
[0.047s] -- Up-to-date: /home/kalash/sample_robot/install/sample_robot/share/sample_robot/urdf
[0.047s] -- Installing: /home/kalash/sample_robot/install/sample_robot/share/sample_robot/urdf/sample_robot.urdf.xacro
[0.047s] -- Up-to-date: /home/kalash/sample_robot/install/sample_robot/share/ament_index/resource_index/package_run_dependencies/sample_robot
[0.047s] -- Up-to-date: /home/kalash/sample_robot/install/sample_robot/share/ament_index/resource_index/parent_prefix_path/sample_robot
[0.047s] -- Up-to-date: /home/kalash/sample_robot/install/sample_robot/share/sample_robot/environment/ament_prefix_path.sh
[0.047s] -- Up-to-date: /home/kalash/sample_robot/install/sample_robot/share/sample_robot/environment/ament_prefix_path.dsv
[0.047s] -- Up-to-date: /home/kalash/sample_robot/install/sample_robot/share/sample_robot/environment/path.sh
[0.047s] -- Up-to-date: /home/kalash/sample_robot/install/sample_robot/share/sample_robot/environment/path.dsv
[0.047s] -- Up-to-date: /home/kalash/sample_robot/install/sample_robot/share/sample_robot/local_setup.bash
[0.048s] -- Up-to-date: /home/kalash/sample_robot/install/sample_robot/share/sample_robot/local_setup.sh
[0.048s] -- Up-to-date: /home/kalash/sample_robot/install/sample_robot/share/sample_robot/local_setup.zsh
[0.048s] -- Up-to-date: /home/kalash/sample_robot/install/sample_robot/share/sample_robot/local_setup.dsv
[0.048s] -- Installing: /home/kalash/sample_robot/install/sample_robot/share/sample_robot/package.dsv
[0.048s] -- Up-to-date: /home/kalash/sample_robot/install/sample_robot/share/ament_index/resource_index/packages/sample_robot
[0.048s] -- Up-to-date: /home/kalash/sample_robot/install/sample_robot/share/sample_robot/cmake/sample_robotConfig.cmake
[0.048s] -- Up-to-date: /home/kalash/sample_robot/install/sample_robot/share/sample_robot/cmake/sample_robotConfig-version.cmake
[0.048s] -- Up-to-date: /home/kalash/sample_robot/install/sample_robot/share/sample_robot/package.xml
[0.049s] Invoked command in '/home/kalash/sample_robot/build/sample_robot' returned '0': CMAKE_PREFIX_PATH=/opt/ros/humble /usr/bin/cmake --install /home/kalash/sample_robot/build/sample_robot
